[debug] [2021-03-17T04:39:52.917Z] ----------------------------------------------------------------------
[debug] [2021-03-17T04:39:52.960Z] Command:       C:\Program Files\nodejs\node.exe C:\Users\my\AppData\Roaming\npm\node_modules\firebase-tools\lib\bin\firebase.js emulators:start --only functions
[debug] [2021-03-17T04:39:52.961Z] CLI Version:   9.6.1
[debug] [2021-03-17T04:39:52.961Z] Platform:      win32
[debug] [2021-03-17T04:39:52.961Z] Node Version:  v14.5.0
[debug] [2021-03-17T04:39:53.149Z] Time:          Wed Mar 17 2021 10:09:52 GMT+0530 (India Standard Time)
[debug] [2021-03-17T04:39:53.149Z] ----------------------------------------------------------------------
[debug] [2021-03-17T04:39:53.149Z] 
[debug] [2021-03-17T04:39:53.192Z] >>> [apiv2][query] GET https://firebase-public.firebaseio.com/cli.json [none]
[debug] [2021-03-17T04:39:53.291Z] > command requires scopes: ["email","openid","https://www.googleapis.com/auth/cloudplatformprojects.readonly","https://www.googleapis.com/auth/firebase","https://www.googleapis.com/auth/cloud-platform"]
[debug] [2021-03-17T04:39:53.293Z] > authorizing via signed-in user
[info] i  emulators: Starting emulators: functions {"metadata":{"emulator":{"name":"hub"},"message":"Starting emulators: functions"}}
[warn] !  emulators: It seems that you are running multiple instances of the emulator suite for project e-commerce-website-3777. This may result in unexpected behavior. 
[debug] [2021-03-17T04:39:55.461Z] [hub] writing locator at C:\Users\my\AppData\Local\Temp\hub-e-commerce-website-3777.json
[warn] !  functions: The following emulators are not running, calls to these services from the Functions emulator will affect production: auth, firestore, database, hosting, pubsub {"metadata":{"emulator":{"name":"functions"},"message":"The following emulators are not running, calls to these services from the Functions emulator will affect production: \u001b[1mauth, firestore, database, hosting, pubsub\u001b[22m"}}
[warn] !  Your requested "node" version "12" doesn't match your global version "14" {"metadata":{"emulator":{"name":"functions"},"message":"Your requested \"node\" version \"12\" doesn't match your global version \"14\""}}
[debug] [2021-03-17T04:39:57.748Z] defaultcredentials: writing to file C:\Users\my\AppData\Roaming\firebase\anukriti6777_gmail_com_application_default_credentials.json
[debug] [2021-03-17T04:39:57.752Z] Setting GAC to C:\Users\my\AppData\Roaming\firebase\anukriti6777_gmail_com_application_default_credentials.json {"metadata":{"emulator":{"name":"functions"},"message":"Setting GAC to C:\\Users\\my\\AppData\\Roaming\\firebase\\anukriti6777_gmail_com_application_default_credentials.json"}}
[debug] [2021-03-17T04:39:57.756Z] > refreshing access token with scopes: []
[debug] [2021-03-17T04:39:57.757Z] >>> HTTP REQUEST POST https://www.googleapis.com/oauth2/v3/token  
 <request body omitted>
[debug] [2021-03-17T04:39:57.907Z] <<< [apiv2][status] GET https://firebase-public.firebaseio.com/cli.json 200
[debug] [2021-03-17T04:39:57.908Z] <<< [apiv2][body] GET https://firebase-public.firebaseio.com/cli.json {"cloudBuildErrorAfter":1594252800000,"cloudBuildWarnAfter":1590019200000,"defaultNode10After":1594252800000,"minVersion":"3.0.5","node8DeploysDisabledAfter":1613390400000,"node8RuntimeDisabledAfter":1615809600000,"node8WarnAfter":1600128000000}
[debug] [2021-03-17T04:40:13.398Z] <<< HTTP RESPONSE 200 {"cache-control":"no-cache, no-store, max-age=0, must-revalidate","date":"Wed, 17 Mar 2021 04:40:04 GMT","pragma":"no-cache","expires":"Mon, 01 Jan 1990 00:00:00 GMT","content-type":"application/json; charset=utf-8","vary":"X-Origin, Referer, Origin,Accept-Encoding","server":"scaffolding on HTTPServer2","x-xss-protection":"0","x-frame-options":"SAMEORIGIN","x-content-type-options":"nosniff","alt-svc":"h3-29=\":443\"; ma=2592000,h3-T051=\":443\"; ma=2592000,h3-Q050=\":443\"; ma=2592000,h3-Q046=\":443\"; ma=2592000,h3-Q043=\":443\"; ma=2592000,quic=\":443\"; ma=2592000; v=\"46,43\"","accept-ranges":"none","transfer-encoding":"chunked"}
[debug] [2021-03-17T04:40:13.437Z] >>> [apiv2][query] GET https://firebase.googleapis.com/v1beta1/projects/e-commerce-website-3777/adminSdkConfig [none]
[debug] [2021-03-17T04:40:19.363Z] <<< [apiv2][status] GET https://firebase.googleapis.com/v1beta1/projects/e-commerce-website-3777/adminSdkConfig 200
[debug] [2021-03-17T04:40:19.364Z] <<< [apiv2][body] GET https://firebase.googleapis.com/v1beta1/projects/e-commerce-website-3777/adminSdkConfig {"projectId":"e-commerce-website-3777","storageBucket":"e-commerce-website-3777.appspot.com","locationId":"asia-south1"}
[debug] [2021-03-17T04:40:23.696Z] Ignoring unsupported arg: auto_download {"metadata":{"emulator":{"name":"ui"},"message":"Ignoring unsupported arg: auto_download"}}
[debug] [2021-03-17T04:40:23.697Z] Ignoring unsupported arg: port {"metadata":{"emulator":{"name":"ui"},"message":"Ignoring unsupported arg: port"}}
[debug] [2021-03-17T04:40:23.697Z] Starting Emulator UI with command {"binary":"node","args":["C:\\Users\\my\\.cache\\firebase\\emulators\\ui-v1.4.2\\server.bundle.js"],"optionalArgs":[],"joinArgs":false} {"metadata":{"emulator":{"name":"ui"},"message":"Starting Emulator UI with command {\"binary\":\"node\",\"args\":[\"C:\\\\Users\\\\my\\\\.cache\\\\firebase\\\\emulators\\\\ui-v1.4.2\\\\server.bundle.js\"],\"optionalArgs\":[],\"joinArgs\":false}"}}
[info] i  ui: Emulator UI logging to ui-debug.log {"metadata":{"emulator":{"name":"ui"},"message":"Emulator UI logging to \u001b[1mui-debug.log\u001b[22m"}}
[debug] [2021-03-17T04:40:25.239Z] Web / API server started at http://localhost:4000
 {"metadata":{"emulator":{"name":"ui"},"message":"Web / API server started at http://localhost:4000\n"}}
[info] i  functions: Watching "F:\e-commerce\functions" for Cloud Functions... {"metadata":{"emulator":{"name":"functions"},"message":"Watching \"F:\\e-commerce\\functions\" for Cloud Functions..."}}
[debug] [2021-03-17T04:40:25.385Z] [worker-pool] addWorker(~diagnostic~) {"metadata":{"emulator":{"name":"functions"},"message":"[worker-pool] addWorker(~diagnostic~)"}}
[debug] [2021-03-17T04:40:25.387Z] [worker-pool] Adding worker with key ~diagnostic~, total=1 {"metadata":{"emulator":{"name":"functions"},"message":"[worker-pool] Adding worker with key ~diagnostic~, total=1"}}
[debug] [2021-03-17T04:40:25.388Z] [worker-pool] submitWork(triggerId=) {"metadata":{"emulator":{"name":"functions"},"message":"[worker-pool] submitWork(triggerId=)"}}
[debug] [2021-03-17T04:40:25.389Z] [worker-~diagnostic~-51903865-6014-43ae-b9e2-0754b07727fd]: Assigning socketPath: \\?\pipe\F:\e-commerce\functions\6520 {"metadata":{"emulator":{"name":"functions"},"message":"[worker-~diagnostic~-51903865-6014-43ae-b9e2-0754b07727fd]: Assigning socketPath: \\\\?\\pipe\\F:\\e-commerce\\functions\\6520"}}
[debug] [2021-03-17T04:40:25.390Z] [worker-~diagnostic~-51903865-6014-43ae-b9e2-0754b07727fd]: BUSY {"metadata":{"emulator":{"name":"functions"},"message":"[worker-~diagnostic~-51903865-6014-43ae-b9e2-0754b07727fd]: BUSY"}}
[debug] [2021-03-17T04:40:25.972Z] [runtime-status] [6520] Functions runtime initialized. {"cwd":"F:\\e-commerce\\functions","node_version":"14.5.0"} {"metadata":{"emulator":{"name":"functions"},"message":"[runtime-status] [6520] Functions runtime initialized. {\"cwd\":\"F:\\\\e-commerce\\\\functions\",\"node_version\":\"14.5.0\"}"}}
[debug] [2021-03-17T04:40:25.977Z] [runtime-status] [6520] Disabled runtime features: undefined {"metadata":{"emulator":{"name":"functions"},"message":"[runtime-status] [6520] Disabled runtime features: undefined"}}
[debug] [2021-03-17T04:40:25.984Z] [runtime-status] [6520] Resolved module firebase-admin {"declared":true,"installed":true,"version":"9.5.0","resolution":"F:\\e-commerce\\functions\\node_modules\\firebase-admin\\lib\\index.js"} {"metadata":{"emulator":{"name":"functions"},"message":"[runtime-status] [6520] Resolved module firebase-admin {\"declared\":true,\"installed\":true,\"version\":\"9.5.0\",\"resolution\":\"F:\\\\e-commerce\\\\functions\\\\node_modules\\\\firebase-admin\\\\lib\\\\index.js\"}"}}
[debug] [2021-03-17T04:40:25.990Z] [runtime-status] [6520] Resolved module firebase-functions {"declared":true,"installed":true,"version":"3.13.2","resolution":"F:\\e-commerce\\functions\\node_modules\\firebase-functions\\lib\\index.js"} {"metadata":{"emulator":{"name":"functions"},"message":"[runtime-status] [6520] Resolved module firebase-functions {\"declared\":true,\"installed\":true,\"version\":\"3.13.2\",\"resolution\":\"F:\\\\e-commerce\\\\functions\\\\node_modules\\\\firebase-functions\\\\lib\\\\index.js\"}"}}
[debug] [2021-03-17T04:40:25.995Z] [runtime-status] [6520] Resolved module firebase-functions {"declared":true,"installed":true,"version":"3.13.2","resolution":"F:\\e-commerce\\functions\\node_modules\\firebase-functions\\lib\\index.js"} {"metadata":{"emulator":{"name":"functions"},"message":"[runtime-status] [6520] Resolved module firebase-functions {\"declared\":true,\"installed\":true,\"version\":\"3.13.2\",\"resolution\":\"F:\\\\e-commerce\\\\functions\\\\node_modules\\\\firebase-functions\\\\lib\\\\index.js\"}"}}
[debug] [2021-03-17T04:40:25.999Z] [runtime-status] [6520] Outgoing network have been stubbed. [{"name":"http","status":"mocked"},{"name":"http","status":"mocked"},{"name":"https","status":"mocked"},{"name":"https","status":"mocked"},{"name":"net","status":"mocked"}] {"metadata":{"emulator":{"name":"functions"},"message":"[runtime-status] [6520] Outgoing network have been stubbed. [{\"name\":\"http\",\"status\":\"mocked\"},{\"name\":\"http\",\"status\":\"mocked\"},{\"name\":\"https\",\"status\":\"mocked\"},{\"name\":\"https\",\"status\":\"mocked\"},{\"name\":\"net\",\"status\":\"mocked\"}]"}}
[debug] [2021-03-17T04:40:26.000Z] [runtime-status] [6520] Resolved module firebase-functions {"declared":true,"installed":true,"version":"3.13.2","resolution":"F:\\e-commerce\\functions\\node_modules\\firebase-functions\\lib\\index.js"} {"metadata":{"emulator":{"name":"functions"},"message":"[runtime-status] [6520] Resolved module firebase-functions {\"declared\":true,\"installed\":true,\"version\":\"3.13.2\",\"resolution\":\"F:\\\\e-commerce\\\\functions\\\\node_modules\\\\firebase-functions\\\\lib\\\\index.js\"}"}}
[debug] [2021-03-17T04:40:27.099Z] [runtime-status] [6520] Checked functions.config() {"config":{}} {"metadata":{"emulator":{"name":"functions"},"message":"[runtime-status] [6520] Checked functions.config() {\"config\":{}}"}}
[debug] [2021-03-17T04:40:27.100Z] [runtime-status] [6520] firebase-functions has been stubbed. {"functionsResolution":{"declared":true,"installed":true,"version":"3.13.2","resolution":"F:\\e-commerce\\functions\\node_modules\\firebase-functions\\lib\\index.js"}} {"metadata":{"emulator":{"name":"functions"},"message":"[runtime-status] [6520] firebase-functions has been stubbed. {\"functionsResolution\":{\"declared\":true,\"installed\":true,\"version\":\"3.13.2\",\"resolution\":\"F:\\\\e-commerce\\\\functions\\\\node_modules\\\\firebase-functions\\\\lib\\\\index.js\"}}"}}
[debug] [2021-03-17T04:40:27.101Z] [runtime-status] [6520] Resolved module firebase-functions {"declared":true,"installed":true,"version":"3.13.2","resolution":"F:\\e-commerce\\functions\\node_modules\\firebase-functions\\lib\\index.js"} {"metadata":{"emulator":{"name":"functions"},"message":"[runtime-status] [6520] Resolved module firebase-functions {\"declared\":true,\"installed\":true,\"version\":\"3.13.2\",\"resolution\":\"F:\\\\e-commerce\\\\functions\\\\node_modules\\\\firebase-functions\\\\lib\\\\index.js\"}"}}
[debug] [2021-03-17T04:40:27.104Z] [runtime-status] [6520] Resolved module firebase-admin {"declared":true,"installed":true,"version":"9.5.0","resolution":"F:\\e-commerce\\functions\\node_modules\\firebase-admin\\lib\\index.js"} {"metadata":{"emulator":{"name":"functions"},"message":"[runtime-status] [6520] Resolved module firebase-admin {\"declared\":true,\"installed\":true,\"version\":\"9.5.0\",\"resolution\":\"F:\\\\e-commerce\\\\functions\\\\node_modules\\\\firebase-admin\\\\lib\\\\index.js\"}"}}
[debug] [2021-03-17T04:40:27.105Z] [runtime-status] [6520] Resolved module firebase-functions {"declared":true,"installed":true,"version":"3.13.2","resolution":"F:\\e-commerce\\functions\\node_modules\\firebase-functions\\lib\\index.js"} {"metadata":{"emulator":{"name":"functions"},"message":"[runtime-status] [6520] Resolved module firebase-functions {\"declared\":true,\"installed\":true,\"version\":\"3.13.2\",\"resolution\":\"F:\\\\e-commerce\\\\functions\\\\node_modules\\\\firebase-functions\\\\lib\\\\index.js\"}"}}
[debug] [2021-03-17T04:40:27.106Z] [runtime-status] [6520] firebase-admin has been stubbed. {"adminResolution":{"declared":true,"installed":true,"version":"9.5.0","resolution":"F:\\e-commerce\\functions\\node_modules\\firebase-admin\\lib\\index.js"}} {"metadata":{"emulator":{"name":"functions"},"message":"[runtime-status] [6520] firebase-admin has been stubbed. {\"adminResolution\":{\"declared\":true,\"installed\":true,\"version\":\"9.5.0\",\"resolution\":\"F:\\\\e-commerce\\\\functions\\\\node_modules\\\\firebase-admin\\\\lib\\\\index.js\"}}"}}
[info] +  functions[api]: http function initialized (http://localhost:5001/e-commerce-website-3777/us-central1/api). {"metadata":{"emulator":{"name":"functions"},"message":"\u001b[1mhttp\u001b[22m function initialized (http://localhost:5001/e-commerce-website-3777/us-central1/api)."}}
[info] 
┌─────────────────────────────────────────────────────────────┐
│ ✔  All emulators ready! It is now safe to connect your app. │
│ i  View Emulator UI at http://localhost:4000                │
└─────────────────────────────────────────────────────────────┘

┌───────────┬────────────────┬─────────────────────────────────┐
│ Emulator  │ Host:Port      │ View in Emulator UI             │
├───────────┼────────────────┼─────────────────────────────────┤
│ Functions │ localhost:5001 │ http://localhost:4000/functions │
└───────────┴────────────────┴─────────────────────────────────┘
  Emulator Hub running at localhost:4400
  Other reserved ports: 4500

Issues? Report them at https://github.com/firebase/firebase-tools/issues and attach the *-debug.log files.
 
[debug] [2021-03-17T04:40:30.156Z] [worker-~diagnostic~-51903865-6014-43ae-b9e2-0754b07727fd]: IDLE {"metadata":{"emulator":{"name":"functions"},"message":"[worker-~diagnostic~-51903865-6014-43ae-b9e2-0754b07727fd]: IDLE"}}
[debug] [2021-03-17T04:40:52.507Z] [work-queue] {"queueLength":1,"workRunningCount":0}
[debug] [2021-03-17T04:40:52.507Z] [work-queue] {"queueLength":0,"workRunningCount":1}
[debug] [2021-03-17T04:40:52.509Z] Accepted request GET /e-commerce-website-3777/us-central1/api --> api
[debug] [2021-03-17T04:40:52.532Z] [worker-pool] addWorker(api) {"metadata":{"emulator":{"name":"functions"},"message":"[worker-pool] addWorker(api)"}}
[debug] [2021-03-17T04:40:52.533Z] [worker-pool] Adding worker with key api, total=1 {"metadata":{"emulator":{"name":"functions"},"message":"[worker-pool] Adding worker with key api, total=1"}}
[debug] [2021-03-17T04:40:52.533Z] [worker-pool] submitWork(triggerId=api) {"metadata":{"emulator":{"name":"functions"},"message":"[worker-pool] submitWork(triggerId=api)"}}
[debug] [2021-03-17T04:40:52.534Z] [worker-api-a76485fc-5ddf-4b48-b2d1-c8151133bca3]: Assigning socketPath: \\?\pipe\F:\e-commerce\functions\14784 {"metadata":{"emulator":{"name":"functions"},"message":"[worker-api-a76485fc-5ddf-4b48-b2d1-c8151133bca3]: Assigning socketPath: \\\\?\\pipe\\F:\\e-commerce\\functions\\14784"}}
[debug] [2021-03-17T04:40:52.534Z] [worker-api-a76485fc-5ddf-4b48-b2d1-c8151133bca3]: BUSY {"metadata":{"emulator":{"name":"functions"},"message":"[worker-api-a76485fc-5ddf-4b48-b2d1-c8151133bca3]: BUSY"}}
[debug] [2021-03-17T04:40:53.407Z] [runtime-status] [14784] Functions runtime initialized. {"cwd":"F:\\e-commerce\\functions","node_version":"14.5.0"} {"metadata":{"emulator":{"name":"functions"},"function":{"name":"api"},"message":"[runtime-status] [14784] Functions runtime initialized. {\"cwd\":\"F:\\\\e-commerce\\\\functions\",\"node_version\":\"14.5.0\"}"}}
[debug] [2021-03-17T04:40:53.415Z] [runtime-status] [14784] Disabled runtime features: undefined {"metadata":{"emulator":{"name":"functions"},"function":{"name":"api"},"message":"[runtime-status] [14784] Disabled runtime features: undefined"}}
[debug] [2021-03-17T04:40:53.423Z] [runtime-status] [14784] Resolved module firebase-admin {"declared":true,"installed":true,"version":"9.5.0","resolution":"F:\\e-commerce\\functions\\node_modules\\firebase-admin\\lib\\index.js"} {"metadata":{"emulator":{"name":"functions"},"function":{"name":"api"},"message":"[runtime-status] [14784] Resolved module firebase-admin {\"declared\":true,\"installed\":true,\"version\":\"9.5.0\",\"resolution\":\"F:\\\\e-commerce\\\\functions\\\\node_modules\\\\firebase-admin\\\\lib\\\\index.js\"}"}}
[debug] [2021-03-17T04:40:53.427Z] [runtime-status] [14784] Resolved module firebase-functions {"declared":true,"installed":true,"version":"3.13.2","resolution":"F:\\e-commerce\\functions\\node_modules\\firebase-functions\\lib\\index.js"} {"metadata":{"emulator":{"name":"functions"},"function":{"name":"api"},"message":"[runtime-status] [14784] Resolved module firebase-functions {\"declared\":true,\"installed\":true,\"version\":\"3.13.2\",\"resolution\":\"F:\\\\e-commerce\\\\functions\\\\node_modules\\\\firebase-functions\\\\lib\\\\index.js\"}"}}
[debug] [2021-03-17T04:40:53.433Z] [runtime-status] [14784] Resolved module firebase-functions {"declared":true,"installed":true,"version":"3.13.2","resolution":"F:\\e-commerce\\functions\\node_modules\\firebase-functions\\lib\\index.js"} {"metadata":{"emulator":{"name":"functions"},"function":{"name":"api"},"message":"[runtime-status] [14784] Resolved module firebase-functions {\"declared\":true,\"installed\":true,\"version\":\"3.13.2\",\"resolution\":\"F:\\\\e-commerce\\\\functions\\\\node_modules\\\\firebase-functions\\\\lib\\\\index.js\"}"}}
[debug] [2021-03-17T04:40:53.439Z] [runtime-status] [14784] Outgoing network have been stubbed. [{"name":"http","status":"mocked"},{"name":"http","status":"mocked"},{"name":"https","status":"mocked"},{"name":"https","status":"mocked"},{"name":"net","status":"mocked"}] {"metadata":{"emulator":{"name":"functions"},"function":{"name":"api"},"message":"[runtime-status] [14784] Outgoing network have been stubbed. [{\"name\":\"http\",\"status\":\"mocked\"},{\"name\":\"http\",\"status\":\"mocked\"},{\"name\":\"https\",\"status\":\"mocked\"},{\"name\":\"https\",\"status\":\"mocked\"},{\"name\":\"net\",\"status\":\"mocked\"}]"}}
[debug] [2021-03-17T04:40:53.440Z] [runtime-status] [14784] Resolved module firebase-functions {"declared":true,"installed":true,"version":"3.13.2","resolution":"F:\\e-commerce\\functions\\node_modules\\firebase-functions\\lib\\index.js"} {"metadata":{"emulator":{"name":"functions"},"function":{"name":"api"},"message":"[runtime-status] [14784] Resolved module firebase-functions {\"declared\":true,\"installed\":true,\"version\":\"3.13.2\",\"resolution\":\"F:\\\\e-commerce\\\\functions\\\\node_modules\\\\firebase-functions\\\\lib\\\\index.js\"}"}}
[debug] [2021-03-17T04:40:53.590Z] [runtime-status] [14784] Checked functions.config() {"config":{}} {"metadata":{"emulator":{"name":"functions"},"function":{"name":"api"},"message":"[runtime-status] [14784] Checked functions.config() {\"config\":{}}"}}
[debug] [2021-03-17T04:40:53.592Z] [runtime-status] [14784] firebase-functions has been stubbed. {"functionsResolution":{"declared":true,"installed":true,"version":"3.13.2","resolution":"F:\\e-commerce\\functions\\node_modules\\firebase-functions\\lib\\index.js"}} {"metadata":{"emulator":{"name":"functions"},"function":{"name":"api"},"message":"[runtime-status] [14784] firebase-functions has been stubbed. {\"functionsResolution\":{\"declared\":true,\"installed\":true,\"version\":\"3.13.2\",\"resolution\":\"F:\\\\e-commerce\\\\functions\\\\node_modules\\\\firebase-functions\\\\lib\\\\index.js\"}}"}}
[debug] [2021-03-17T04:40:53.594Z] [runtime-status] [14784] Resolved module firebase-functions {"declared":true,"installed":true,"version":"3.13.2","resolution":"F:\\e-commerce\\functions\\node_modules\\firebase-functions\\lib\\index.js"} {"metadata":{"emulator":{"name":"functions"},"function":{"name":"api"},"message":"[runtime-status] [14784] Resolved module firebase-functions {\"declared\":true,\"installed\":true,\"version\":\"3.13.2\",\"resolution\":\"F:\\\\e-commerce\\\\functions\\\\node_modules\\\\firebase-functions\\\\lib\\\\index.js\"}"}}
[debug] [2021-03-17T04:40:53.599Z] [runtime-status] [14784] Resolved module firebase-admin {"declared":true,"installed":true,"version":"9.5.0","resolution":"F:\\e-commerce\\functions\\node_modules\\firebase-admin\\lib\\index.js"} {"metadata":{"emulator":{"name":"functions"},"function":{"name":"api"},"message":"[runtime-status] [14784] Resolved module firebase-admin {\"declared\":true,\"installed\":true,\"version\":\"9.5.0\",\"resolution\":\"F:\\\\e-commerce\\\\functions\\\\node_modules\\\\firebase-admin\\\\lib\\\\index.js\"}"}}
[debug] [2021-03-17T04:40:53.600Z] [runtime-status] [14784] Resolved module firebase-functions {"declared":true,"installed":true,"version":"3.13.2","resolution":"F:\\e-commerce\\functions\\node_modules\\firebase-functions\\lib\\index.js"} {"metadata":{"emulator":{"name":"functions"},"function":{"name":"api"},"message":"[runtime-status] [14784] Resolved module firebase-functions {\"declared\":true,\"installed\":true,\"version\":\"3.13.2\",\"resolution\":\"F:\\\\e-commerce\\\\functions\\\\node_modules\\\\firebase-functions\\\\lib\\\\index.js\"}"}}
[debug] [2021-03-17T04:40:53.601Z] [runtime-status] [14784] firebase-admin has been stubbed. {"adminResolution":{"declared":true,"installed":true,"version":"9.5.0","resolution":"F:\\e-commerce\\functions\\node_modules\\firebase-admin\\lib\\index.js"}} {"metadata":{"emulator":{"name":"functions"},"function":{"name":"api"},"message":"[runtime-status] [14784] firebase-admin has been stubbed. {\"adminResolution\":{\"declared\":true,\"installed\":true,\"version\":\"9.5.0\",\"resolution\":\"F:\\\\e-commerce\\\\functions\\\\node_modules\\\\firebase-admin\\\\lib\\\\index.js\"}}"}}
[debug] [2021-03-17T04:40:54.073Z] [runtime-status] [14784] Trigger "api" has been found, beginning invocation! {"metadata":{"emulator":{"name":"functions"},"function":{"name":"api"},"message":"[runtime-status] [14784] Trigger \"api\" has been found, beginning invocation!"}}
[info] i  functions: Beginning execution of "api" {"metadata":{"emulator":{"name":"functions"},"function":{"name":"api"},"message":"Beginning execution of \"api\""}}
[debug] [2021-03-17T04:40:54.120Z] [runtime-status] [14784] triggerDefinition {"httpsTrigger":{},"name":"api","entryPoint":"api"} {"metadata":{"emulator":{"name":"functions"},"function":{"name":"api"},"message":"[runtime-status] [14784] triggerDefinition {\"httpsTrigger\":{},\"name\":\"api\",\"entryPoint\":\"api\"}"}}
[debug] [2021-03-17T04:40:54.121Z] [runtime-status] [14784] Running api in mode HTTPS {"metadata":{"emulator":{"name":"functions"},"function":{"name":"api"},"message":"[runtime-status] [14784] Running api in mode HTTPS"}}
[debug] [2021-03-17T04:40:54.122Z] [runtime-status] [14784] Attempting to listen to socketPath: \\?\pipe\F:\e-commerce\functions\14784 {"metadata":{"emulator":{"name":"functions"},"function":{"name":"api"},"message":"[runtime-status] [14784] Attempting to listen to socketPath: \\\\?\\pipe\\F:\\e-commerce\\functions\\14784"}}
[debug] [2021-03-17T04:40:54.123Z] [functions] Runtime ready! Sending request! {"metadata":{"emulator":{"name":"functions"},"message":"[functions] Runtime ready! Sending request!"}}
[debug] [2021-03-17T04:40:54.125Z] [functions] Got req.url=/e-commerce-website-3777/us-central1/api, mapping to path=/ {"metadata":{"emulator":{"name":"functions"},"message":"[functions] Got req.url=/e-commerce-website-3777/us-central1/api, mapping to path=/"}}
[debug] [2021-03-17T04:40:54.167Z] [runtime-status] [14784] Ephemeral server handling GET request {"metadata":{"emulator":{"name":"functions"},"function":{"name":"api"},"message":"[runtime-status] [14784] Ephemeral server handling GET request"}}
[debug] [2021-03-17T04:40:54.188Z] [runtime-status] [14784] Ephemeral server survived. {"metadata":{"emulator":{"name":"functions"},"function":{"name":"api"},"message":"[runtime-status] [14784] Ephemeral server survived."}}
[info] i  functions: Finished "api" in ~1s {"metadata":{"emulator":{"name":"functions"},"function":{"name":"api"},"message":"Finished \"api\" in ~1s"}}
[debug] [2021-03-17T04:40:54.209Z] [worker-api-a76485fc-5ddf-4b48-b2d1-c8151133bca3]: IDLE {"metadata":{"emulator":{"name":"functions"},"message":"[worker-api-a76485fc-5ddf-4b48-b2d1-c8151133bca3]: IDLE"}}
[debug] [2021-03-17T04:40:54.210Z] [work-queue] {"queueLength":0,"workRunningCount":0}
[debug] [2021-03-17T04:40:54.404Z] Functions emulator received unknown request at path /favicon.ico
[debug] [2021-03-17T05:03:02.667Z] File F:\e-commerce\functions\index.js changed, reloading triggers {"metadata":{"emulator":{"name":"functions"},"message":"File F:\\e-commerce\\functions\\index.js changed, reloading triggers"}}
[debug] [2021-03-17T05:03:03.676Z] [worker-pool] Shutting down IDLE worker (~diagnostic~) {"metadata":{"emulator":{"name":"functions"},"message":"[worker-pool] Shutting down IDLE worker (~diagnostic~)"}}
[debug] [2021-03-17T05:03:03.677Z] [worker-~diagnostic~-51903865-6014-43ae-b9e2-0754b07727fd]: FINISHING {"metadata":{"emulator":{"name":"functions"},"message":"[worker-~diagnostic~-51903865-6014-43ae-b9e2-0754b07727fd]: FINISHING"}}
[debug] [2021-03-17T05:03:03.678Z] [worker-pool] Shutting down IDLE worker (api) {"metadata":{"emulator":{"name":"functions"},"message":"[worker-pool] Shutting down IDLE worker (api)"}}
[debug] [2021-03-17T05:03:03.680Z] [worker-api-a76485fc-5ddf-4b48-b2d1-c8151133bca3]: FINISHING {"metadata":{"emulator":{"name":"functions"},"message":"[worker-api-a76485fc-5ddf-4b48-b2d1-c8151133bca3]: FINISHING"}}
[debug] [2021-03-17T05:03:03.753Z] [worker-pool] addWorker(~diagnostic~) {"metadata":{"emulator":{"name":"functions"},"message":"[worker-pool] addWorker(~diagnostic~)"}}
[debug] [2021-03-17T05:03:03.753Z] [worker-pool] Adding worker with key ~diagnostic~, total=2 {"metadata":{"emulator":{"name":"functions"},"message":"[worker-pool] Adding worker with key ~diagnostic~, total=2"}}
[debug] [2021-03-17T05:03:03.753Z] [worker-pool] submitWork(triggerId=) {"metadata":{"emulator":{"name":"functions"},"message":"[worker-pool] submitWork(triggerId=)"}}
[debug] [2021-03-17T05:03:03.754Z] [worker-~diagnostic~-dc14c572-257c-417f-bf4c-b084dd5f2c5e]: Assigning socketPath: \\?\pipe\F:\e-commerce\functions\2396 {"metadata":{"emulator":{"name":"functions"},"message":"[worker-~diagnostic~-dc14c572-257c-417f-bf4c-b084dd5f2c5e]: Assigning socketPath: \\\\?\\pipe\\F:\\e-commerce\\functions\\2396"}}
[debug] [2021-03-17T05:03:03.754Z] [worker-~diagnostic~-dc14c572-257c-417f-bf4c-b084dd5f2c5e]: BUSY {"metadata":{"emulator":{"name":"functions"},"message":"[worker-~diagnostic~-dc14c572-257c-417f-bf4c-b084dd5f2c5e]: BUSY"}}
[debug] [2021-03-17T05:03:03.761Z] [worker-api-a76485fc-5ddf-4b48-b2d1-c8151133bca3]: exited {"metadata":{"emulator":{"name":"functions"},"message":"[worker-api-a76485fc-5ddf-4b48-b2d1-c8151133bca3]: exited"}}
[debug] [2021-03-17T05:03:03.762Z] [worker-api-a76485fc-5ddf-4b48-b2d1-c8151133bca3]: FINISHED {"metadata":{"emulator":{"name":"functions"},"message":"[worker-api-a76485fc-5ddf-4b48-b2d1-c8151133bca3]: FINISHED"}}
[debug] [2021-03-17T05:03:03.762Z] [worker-~diagnostic~-51903865-6014-43ae-b9e2-0754b07727fd]: exited {"metadata":{"emulator":{"name":"functions"},"message":"[worker-~diagnostic~-51903865-6014-43ae-b9e2-0754b07727fd]: exited"}}
[debug] [2021-03-17T05:03:03.763Z] [worker-~diagnostic~-51903865-6014-43ae-b9e2-0754b07727fd]: FINISHED {"metadata":{"emulator":{"name":"functions"},"message":"[worker-~diagnostic~-51903865-6014-43ae-b9e2-0754b07727fd]: FINISHED"}}
[debug] [2021-03-17T05:03:07.547Z] [runtime-status] [2396] Functions runtime initialized. {"cwd":"F:\\e-commerce\\functions","node_version":"14.5.0"} {"metadata":{"emulator":{"name":"functions"},"message":"[runtime-status] [2396] Functions runtime initialized. {\"cwd\":\"F:\\\\e-commerce\\\\functions\",\"node_version\":\"14.5.0\"}"}}
[debug] [2021-03-17T05:03:07.563Z] [runtime-status] [2396] Disabled runtime features: undefined {"metadata":{"emulator":{"name":"functions"},"message":"[runtime-status] [2396] Disabled runtime features: undefined"}}
[debug] [2021-03-17T05:03:07.600Z] [runtime-status] [2396] Resolved module firebase-admin {"declared":true,"installed":true,"version":"9.5.0","resolution":"F:\\e-commerce\\functions\\node_modules\\firebase-admin\\lib\\index.js"} {"metadata":{"emulator":{"name":"functions"},"message":"[runtime-status] [2396] Resolved module firebase-admin {\"declared\":true,\"installed\":true,\"version\":\"9.5.0\",\"resolution\":\"F:\\\\e-commerce\\\\functions\\\\node_modules\\\\firebase-admin\\\\lib\\\\index.js\"}"}}
[debug] [2021-03-17T05:03:07.604Z] [runtime-status] [2396] Resolved module firebase-functions {"declared":true,"installed":true,"version":"3.13.2","resolution":"F:\\e-commerce\\functions\\node_modules\\firebase-functions\\lib\\index.js"} {"metadata":{"emulator":{"name":"functions"},"message":"[runtime-status] [2396] Resolved module firebase-functions {\"declared\":true,\"installed\":true,\"version\":\"3.13.2\",\"resolution\":\"F:\\\\e-commerce\\\\functions\\\\node_modules\\\\firebase-functions\\\\lib\\\\index.js\"}"}}
[debug] [2021-03-17T05:03:07.608Z] [runtime-status] [2396] Resolved module firebase-functions {"declared":true,"installed":true,"version":"3.13.2","resolution":"F:\\e-commerce\\functions\\node_modules\\firebase-functions\\lib\\index.js"} {"metadata":{"emulator":{"name":"functions"},"message":"[runtime-status] [2396] Resolved module firebase-functions {\"declared\":true,\"installed\":true,\"version\":\"3.13.2\",\"resolution\":\"F:\\\\e-commerce\\\\functions\\\\node_modules\\\\firebase-functions\\\\lib\\\\index.js\"}"}}
[debug] [2021-03-17T05:03:07.611Z] [runtime-status] [2396] Outgoing network have been stubbed. [{"name":"http","status":"mocked"},{"name":"http","status":"mocked"},{"name":"https","status":"mocked"},{"name":"https","status":"mocked"},{"name":"net","status":"mocked"}] {"metadata":{"emulator":{"name":"functions"},"message":"[runtime-status] [2396] Outgoing network have been stubbed. [{\"name\":\"http\",\"status\":\"mocked\"},{\"name\":\"http\",\"status\":\"mocked\"},{\"name\":\"https\",\"status\":\"mocked\"},{\"name\":\"https\",\"status\":\"mocked\"},{\"name\":\"net\",\"status\":\"mocked\"}]"}}
[debug] [2021-03-17T05:03:07.613Z] [runtime-status] [2396] Resolved module firebase-functions {"declared":true,"installed":true,"version":"3.13.2","resolution":"F:\\e-commerce\\functions\\node_modules\\firebase-functions\\lib\\index.js"} {"metadata":{"emulator":{"name":"functions"},"message":"[runtime-status] [2396] Resolved module firebase-functions {\"declared\":true,\"installed\":true,\"version\":\"3.13.2\",\"resolution\":\"F:\\\\e-commerce\\\\functions\\\\node_modules\\\\firebase-functions\\\\lib\\\\index.js\"}"}}
[debug] [2021-03-17T05:03:08.416Z] [runtime-status] [2396] Checked functions.config() {"config":{}} {"metadata":{"emulator":{"name":"functions"},"message":"[runtime-status] [2396] Checked functions.config() {\"config\":{}}"}}
[debug] [2021-03-17T05:03:08.417Z] [runtime-status] [2396] firebase-functions has been stubbed. {"functionsResolution":{"declared":true,"installed":true,"version":"3.13.2","resolution":"F:\\e-commerce\\functions\\node_modules\\firebase-functions\\lib\\index.js"}} {"metadata":{"emulator":{"name":"functions"},"message":"[runtime-status] [2396] firebase-functions has been stubbed. {\"functionsResolution\":{\"declared\":true,\"installed\":true,\"version\":\"3.13.2\",\"resolution\":\"F:\\\\e-commerce\\\\functions\\\\node_modules\\\\firebase-functions\\\\lib\\\\index.js\"}}"}}
[debug] [2021-03-17T05:03:08.418Z] [runtime-status] [2396] Resolved module firebase-functions {"declared":true,"installed":true,"version":"3.13.2","resolution":"F:\\e-commerce\\functions\\node_modules\\firebase-functions\\lib\\index.js"} {"metadata":{"emulator":{"name":"functions"},"message":"[runtime-status] [2396] Resolved module firebase-functions {\"declared\":true,\"installed\":true,\"version\":\"3.13.2\",\"resolution\":\"F:\\\\e-commerce\\\\functions\\\\node_modules\\\\firebase-functions\\\\lib\\\\index.js\"}"}}
[debug] [2021-03-17T05:03:08.422Z] [runtime-status] [2396] Resolved module firebase-admin {"declared":true,"installed":true,"version":"9.5.0","resolution":"F:\\e-commerce\\functions\\node_modules\\firebase-admin\\lib\\index.js"} {"metadata":{"emulator":{"name":"functions"},"message":"[runtime-status] [2396] Resolved module firebase-admin {\"declared\":true,\"installed\":true,\"version\":\"9.5.0\",\"resolution\":\"F:\\\\e-commerce\\\\functions\\\\node_modules\\\\firebase-admin\\\\lib\\\\index.js\"}"}}
[debug] [2021-03-17T05:03:08.425Z] [runtime-status] [2396] Resolved module firebase-functions {"declared":true,"installed":true,"version":"3.13.2","resolution":"F:\\e-commerce\\functions\\node_modules\\firebase-functions\\lib\\index.js"} {"metadata":{"emulator":{"name":"functions"},"message":"[runtime-status] [2396] Resolved module firebase-functions {\"declared\":true,\"installed\":true,\"version\":\"3.13.2\",\"resolution\":\"F:\\\\e-commerce\\\\functions\\\\node_modules\\\\firebase-functions\\\\lib\\\\index.js\"}"}}
[debug] [2021-03-17T05:03:08.426Z] [runtime-status] [2396] firebase-admin has been stubbed. {"adminResolution":{"declared":true,"installed":true,"version":"9.5.0","resolution":"F:\\e-commerce\\functions\\node_modules\\firebase-admin\\lib\\index.js"}} {"metadata":{"emulator":{"name":"functions"},"message":"[runtime-status] [2396] firebase-admin has been stubbed. {\"adminResolution\":{\"declared\":true,\"installed\":true,\"version\":\"9.5.0\",\"resolution\":\"F:\\\\e-commerce\\\\functions\\\\node_modules\\\\firebase-admin\\\\lib\\\\index.js\"}}"}}
[warn] !  F:\e-commerce\functions\index.js:18
    const paymentIntent = await stripe.paymentIntents.create({
                          ^^^^^

SyntaxError: await is only valid in async function
    at wrapSafe (internal/modules/cjs/loader.js:1117:16)
    at Module._compile (internal/modules/cjs/loader.js:1165:27)
    at Object.Module._extensions..js (internal/modules/cjs/loader.js:1221:10)
    at Module.load (internal/modules/cjs/loader.js:1050:32)
    at Function.Module._load (internal/modules/cjs/loader.js:938:14)
    at Module.require (internal/modules/cjs/loader.js:1090:19)
    at require (internal/modules/cjs/helpers.js:75:18)
    at initializeRuntime (C:\Users\my\AppData\Roaming\npm\node_modules\firebase-tools\lib\emulator\functionsEmulatorRuntime.js:678:29)
    at processTicksAndRejections (internal/process/task_queues.js:93:5)
    at async handleMessage (C:\Users\my\AppData\Roaming\npm\node_modules\firebase-tools\lib\emulator\functionsEmulatorRuntime.js:716:20) {"metadata":{"emulator":{"name":"functions"},"message":"F:\\e-commerce\\functions\\index.js:18\n    const paymentIntent = await stripe.paymentIntents.create({\n                          ^^^^^\n\nSyntaxError: await is only valid in async function\n    at wrapSafe (internal/modules/cjs/loader.js:1117:16)\n    at Module._compile (internal/modules/cjs/loader.js:1165:27)\n    at Object.Module._extensions..js (internal/modules/cjs/loader.js:1221:10)\n    at Module.load (internal/modules/cjs/loader.js:1050:32)\n    at Function.Module._load (internal/modules/cjs/loader.js:938:14)\n    at Module.require (internal/modules/cjs/loader.js:1090:19)\n    at require (internal/modules/cjs/helpers.js:75:18)\n    at initializeRuntime (C:\\Users\\my\\AppData\\Roaming\\npm\\node_modules\\firebase-tools\\lib\\emulator\\functionsEmulatorRuntime.js:678:29)\n    at processTicksAndRejections (internal/process/task_queues.js:93:5)\n    at async handleMessage (C:\\Users\\my\\AppData\\Roaming\\npm\\node_modules\\firebase-tools\\lib\\emulator\\functionsEmulatorRuntime.js:716:20)"}}
[warn] !  We were unable to load your functions code. (see above) {"metadata":{"emulator":{"name":"functions"}}}
[debug] [2021-03-17T05:03:08.565Z] [worker-~diagnostic~-dc14c572-257c-417f-bf4c-b084dd5f2c5e]: exited {"metadata":{"emulator":{"name":"functions"},"message":"[worker-~diagnostic~-dc14c572-257c-417f-bf4c-b084dd5f2c5e]: exited"}}
[debug] [2021-03-17T05:03:08.566Z] [worker-~diagnostic~-dc14c572-257c-417f-bf4c-b084dd5f2c5e]: FINISHED {"metadata":{"emulator":{"name":"functions"},"message":"[worker-~diagnostic~-dc14c572-257c-417f-bf4c-b084dd5f2c5e]: FINISHED"}}
[debug] [2021-03-17T11:36:43.439Z] File F:\e-commerce\functions\index.js changed, reloading triggers {"metadata":{"emulator":{"name":"functions"},"message":"File F:\\e-commerce\\functions\\index.js changed, reloading triggers"}}
[debug] [2021-03-17T11:36:44.491Z] [worker-pool] Cleaned up workers for ~diagnostic~: 2 --> 0 {"metadata":{"emulator":{"name":"functions"},"message":"[worker-pool] Cleaned up workers for ~diagnostic~: 2 --> 0"}}
[debug] [2021-03-17T11:36:44.491Z] [worker-pool] Cleaned up workers for api: 1 --> 0 {"metadata":{"emulator":{"name":"functions"},"message":"[worker-pool] Cleaned up workers for api: 1 --> 0"}}
[debug] [2021-03-17T11:36:44.658Z] [worker-pool] addWorker(~diagnostic~) {"metadata":{"emulator":{"name":"functions"},"message":"[worker-pool] addWorker(~diagnostic~)"}}
[debug] [2021-03-17T11:36:44.659Z] [worker-pool] Adding worker with key ~diagnostic~, total=1 {"metadata":{"emulator":{"name":"functions"},"message":"[worker-pool] Adding worker with key ~diagnostic~, total=1"}}
[debug] [2021-03-17T11:36:44.659Z] [worker-pool] submitWork(triggerId=) {"metadata":{"emulator":{"name":"functions"},"message":"[worker-pool] submitWork(triggerId=)"}}
[debug] [2021-03-17T11:36:44.660Z] [worker-~diagnostic~-f35e2fdd-85f1-403b-a196-0552914f5925]: Assigning socketPath: \\?\pipe\F:\e-commerce\functions\1716 {"metadata":{"emulator":{"name":"functions"},"message":"[worker-~diagnostic~-f35e2fdd-85f1-403b-a196-0552914f5925]: Assigning socketPath: \\\\?\\pipe\\F:\\e-commerce\\functions\\1716"}}
[debug] [2021-03-17T11:36:44.660Z] [worker-~diagnostic~-f35e2fdd-85f1-403b-a196-0552914f5925]: BUSY {"metadata":{"emulator":{"name":"functions"},"message":"[worker-~diagnostic~-f35e2fdd-85f1-403b-a196-0552914f5925]: BUSY"}}
[debug] [2021-03-17T11:36:53.548Z] [runtime-status] [1716] Functions runtime initialized. {"cwd":"F:\\e-commerce\\functions","node_version":"14.5.0"} {"metadata":{"emulator":{"name":"functions"},"message":"[runtime-status] [1716] Functions runtime initialized. {\"cwd\":\"F:\\\\e-commerce\\\\functions\",\"node_version\":\"14.5.0\"}"}}
[debug] [2021-03-17T11:36:53.577Z] [runtime-status] [1716] Disabled runtime features: undefined {"metadata":{"emulator":{"name":"functions"},"message":"[runtime-status] [1716] Disabled runtime features: undefined"}}
[debug] [2021-03-17T11:36:53.604Z] [runtime-status] [1716] Resolved module firebase-admin {"declared":true,"installed":true,"version":"9.5.0","resolution":"F:\\e-commerce\\functions\\node_modules\\firebase-admin\\lib\\index.js"} {"metadata":{"emulator":{"name":"functions"},"message":"[runtime-status] [1716] Resolved module firebase-admin {\"declared\":true,\"installed\":true,\"version\":\"9.5.0\",\"resolution\":\"F:\\\\e-commerce\\\\functions\\\\node_modules\\\\firebase-admin\\\\lib\\\\index.js\"}"}}
[debug] [2021-03-17T11:36:53.609Z] [runtime-status] [1716] Resolved module firebase-functions {"declared":true,"installed":true,"version":"3.13.2","resolution":"F:\\e-commerce\\functions\\node_modules\\firebase-functions\\lib\\index.js"} {"metadata":{"emulator":{"name":"functions"},"message":"[runtime-status] [1716] Resolved module firebase-functions {\"declared\":true,\"installed\":true,\"version\":\"3.13.2\",\"resolution\":\"F:\\\\e-commerce\\\\functions\\\\node_modules\\\\firebase-functions\\\\lib\\\\index.js\"}"}}
[debug] [2021-03-17T11:36:53.642Z] [runtime-status] [1716] Resolved module firebase-functions {"declared":true,"installed":true,"version":"3.13.2","resolution":"F:\\e-commerce\\functions\\node_modules\\firebase-functions\\lib\\index.js"} {"metadata":{"emulator":{"name":"functions"},"message":"[runtime-status] [1716] Resolved module firebase-functions {\"declared\":true,\"installed\":true,\"version\":\"3.13.2\",\"resolution\":\"F:\\\\e-commerce\\\\functions\\\\node_modules\\\\firebase-functions\\\\lib\\\\index.js\"}"}}
[debug] [2021-03-17T11:36:53.647Z] [runtime-status] [1716] Outgoing network have been stubbed. [{"name":"http","status":"mocked"},{"name":"http","status":"mocked"},{"name":"https","status":"mocked"},{"name":"https","status":"mocked"},{"name":"net","status":"mocked"}] {"metadata":{"emulator":{"name":"functions"},"message":"[runtime-status] [1716] Outgoing network have been stubbed. [{\"name\":\"http\",\"status\":\"mocked\"},{\"name\":\"http\",\"status\":\"mocked\"},{\"name\":\"https\",\"status\":\"mocked\"},{\"name\":\"https\",\"status\":\"mocked\"},{\"name\":\"net\",\"status\":\"mocked\"}]"}}
[debug] [2021-03-17T11:36:53.648Z] [runtime-status] [1716] Resolved module firebase-functions {"declared":true,"installed":true,"version":"3.13.2","resolution":"F:\\e-commerce\\functions\\node_modules\\firebase-functions\\lib\\index.js"} {"metadata":{"emulator":{"name":"functions"},"message":"[runtime-status] [1716] Resolved module firebase-functions {\"declared\":true,\"installed\":true,\"version\":\"3.13.2\",\"resolution\":\"F:\\\\e-commerce\\\\functions\\\\node_modules\\\\firebase-functions\\\\lib\\\\index.js\"}"}}
[debug] [2021-03-17T11:36:54.858Z] [runtime-status] [1716] Checked functions.config() {"config":{}} {"metadata":{"emulator":{"name":"functions"},"message":"[runtime-status] [1716] Checked functions.config() {\"config\":{}}"}}
[debug] [2021-03-17T11:36:54.859Z] [runtime-status] [1716] firebase-functions has been stubbed. {"functionsResolution":{"declared":true,"installed":true,"version":"3.13.2","resolution":"F:\\e-commerce\\functions\\node_modules\\firebase-functions\\lib\\index.js"}} {"metadata":{"emulator":{"name":"functions"},"message":"[runtime-status] [1716] firebase-functions has been stubbed. {\"functionsResolution\":{\"declared\":true,\"installed\":true,\"version\":\"3.13.2\",\"resolution\":\"F:\\\\e-commerce\\\\functions\\\\node_modules\\\\firebase-functions\\\\lib\\\\index.js\"}}"}}
[debug] [2021-03-17T11:36:54.861Z] [runtime-status] [1716] Resolved module firebase-functions {"declared":true,"installed":true,"version":"3.13.2","resolution":"F:\\e-commerce\\functions\\node_modules\\firebase-functions\\lib\\index.js"} {"metadata":{"emulator":{"name":"functions"},"message":"[runtime-status] [1716] Resolved module firebase-functions {\"declared\":true,\"installed\":true,\"version\":\"3.13.2\",\"resolution\":\"F:\\\\e-commerce\\\\functions\\\\node_modules\\\\firebase-functions\\\\lib\\\\index.js\"}"}}
[debug] [2021-03-17T11:36:54.863Z] [runtime-status] [1716] Resolved module firebase-admin {"declared":true,"installed":true,"version":"9.5.0","resolution":"F:\\e-commerce\\functions\\node_modules\\firebase-admin\\lib\\index.js"} {"metadata":{"emulator":{"name":"functions"},"message":"[runtime-status] [1716] Resolved module firebase-admin {\"declared\":true,\"installed\":true,\"version\":\"9.5.0\",\"resolution\":\"F:\\\\e-commerce\\\\functions\\\\node_modules\\\\firebase-admin\\\\lib\\\\index.js\"}"}}
[debug] [2021-03-17T11:36:54.864Z] [runtime-status] [1716] Resolved module firebase-functions {"declared":true,"installed":true,"version":"3.13.2","resolution":"F:\\e-commerce\\functions\\node_modules\\firebase-functions\\lib\\index.js"} {"metadata":{"emulator":{"name":"functions"},"message":"[runtime-status] [1716] Resolved module firebase-functions {\"declared\":true,\"installed\":true,\"version\":\"3.13.2\",\"resolution\":\"F:\\\\e-commerce\\\\functions\\\\node_modules\\\\firebase-functions\\\\lib\\\\index.js\"}"}}
[debug] [2021-03-17T11:36:54.865Z] [runtime-status] [1716] firebase-admin has been stubbed. {"adminResolution":{"declared":true,"installed":true,"version":"9.5.0","resolution":"F:\\e-commerce\\functions\\node_modules\\firebase-admin\\lib\\index.js"}} {"metadata":{"emulator":{"name":"functions"},"message":"[runtime-status] [1716] firebase-admin has been stubbed. {\"adminResolution\":{\"declared\":true,\"installed\":true,\"version\":\"9.5.0\",\"resolution\":\"F:\\\\e-commerce\\\\functions\\\\node_modules\\\\firebase-admin\\\\lib\\\\index.js\"}}"}}
[warn] !  F:\e-commerce\functions\index.js:18
    const paymentIntent = await stripe.paymentIntents.create({
                          ^^^^^

SyntaxError: await is only valid in async function
    at wrapSafe (internal/modules/cjs/loader.js:1117:16)
    at Module._compile (internal/modules/cjs/loader.js:1165:27)
    at Object.Module._extensions..js (internal/modules/cjs/loader.js:1221:10)
    at Module.load (internal/modules/cjs/loader.js:1050:32)
    at Function.Module._load (internal/modules/cjs/loader.js:938:14)
    at Module.require (internal/modules/cjs/loader.js:1090:19)
    at require (internal/modules/cjs/helpers.js:75:18)
    at initializeRuntime (C:\Users\my\AppData\Roaming\npm\node_modules\firebase-tools\lib\emulator\functionsEmulatorRuntime.js:678:29)
    at processTicksAndRejections (internal/process/task_queues.js:93:5)
    at async handleMessage (C:\Users\my\AppData\Roaming\npm\node_modules\firebase-tools\lib\emulator\functionsEmulatorRuntime.js:716:20) {"metadata":{"emulator":{"name":"functions"},"message":"F:\\e-commerce\\functions\\index.js:18\n    const paymentIntent = await stripe.paymentIntents.create({\n                          ^^^^^\n\nSyntaxError: await is only valid in async function\n    at wrapSafe (internal/modules/cjs/loader.js:1117:16)\n    at Module._compile (internal/modules/cjs/loader.js:1165:27)\n    at Object.Module._extensions..js (internal/modules/cjs/loader.js:1221:10)\n    at Module.load (internal/modules/cjs/loader.js:1050:32)\n    at Function.Module._load (internal/modules/cjs/loader.js:938:14)\n    at Module.require (internal/modules/cjs/loader.js:1090:19)\n    at require (internal/modules/cjs/helpers.js:75:18)\n    at initializeRuntime (C:\\Users\\my\\AppData\\Roaming\\npm\\node_modules\\firebase-tools\\lib\\emulator\\functionsEmulatorRuntime.js:678:29)\n    at processTicksAndRejections (internal/process/task_queues.js:93:5)\n    at async handleMessage (C:\\Users\\my\\AppData\\Roaming\\npm\\node_modules\\firebase-tools\\lib\\emulator\\functionsEmulatorRuntime.js:716:20)"}}
[warn] !  We were unable to load your functions code. (see above) {"metadata":{"emulator":{"name":"functions"}}}
[debug] [2021-03-17T11:36:54.956Z] [worker-~diagnostic~-f35e2fdd-85f1-403b-a196-0552914f5925]: exited {"metadata":{"emulator":{"name":"functions"},"message":"[worker-~diagnostic~-f35e2fdd-85f1-403b-a196-0552914f5925]: exited"}}
[debug] [2021-03-17T11:36:54.957Z] [worker-~diagnostic~-f35e2fdd-85f1-403b-a196-0552914f5925]: FINISHED {"metadata":{"emulator":{"name":"functions"},"message":"[worker-~diagnostic~-f35e2fdd-85f1-403b-a196-0552914f5925]: FINISHED"}}
